Build started 3/4/2020 14:07:19.
     1>Project "E:\Data_from_labshare\20200303 INSPR_github\Mex function for 3D localization\Biplane\cuda_biplane_loc_stream\cuda_biplane_loc_stream.vcxproj" on node 2 (Rebuild target(s)).
     1>CudaClean:
         cmd.exe /C "C:\Users\xufbi\AppData\Local\Temp\tmp79acc567d3dd43e1a4658b52311051d5.cmd"
         "C:\Program Files\NVIDIA GPU Computing Toolkit\CUDA\v7.5\bin\nvcc.exe" -ccbin "C:\Program Files (x86)\Microsoft Visual Studio 12.0\VC\bin\x86_amd64"  -I"C:\Program Files\NVIDIA GPU Computing Toolkit\CUDA\v7.5\include" -I"C:\Program Files\NVIDIA GPU Computing Toolkit\CUDA\v7.5\include"     --keep-dir x64\Release -maxrregcount=0  --machine 64 --compile      -DWIN32 -DNDEBUG -D_CONSOLE -D_WINDLL -D_UNICODE -DUNICODE -Xcompiler "/EHsc /W3 /nologo /O2 /Zi  /MD " -o x64\Release\kernel.cu.obj "E:\Data_from_labshare\20200303 INSPR_github\Mex function for 3D localization\Biplane\cuda_biplane_loc_stream\kernel.cu" -clean
         
         E:\Data_from_labshare\20200303 INSPR_github\Mex function for 3D localization\Biplane\cuda_biplane_loc_stream>"C:\Program Files\NVIDIA GPU Computing Toolkit\CUDA\v7.5\bin\nvcc.exe" -ccbin "C:\Program Files (x86)\Microsoft Visual Studio 12.0\VC\bin\x86_amd64"  -I"C:\Program Files\NVIDIA GPU Computing Toolkit\CUDA\v7.5\include" -I"C:\Program Files\NVIDIA GPU Computing Toolkit\CUDA\v7.5\include"     --keep-dir x64\Release -maxrregcount=0  --machine 64 --compile      -DWIN32 -DNDEBUG -D_CONSOLE -D_WINDLL -D_UNICODE -DUNICODE -Xcompiler "/EHsc /W3 /nologo /O2 /Zi  /MD " -o x64\Release\kernel.cu.obj "E:\Data_from_labshare\20200303 INSPR_github\Mex function for 3D localization\Biplane\cuda_biplane_loc_stream\kernel.cu" -clean 
         kernel.cu
       CudaClean:
         cmd.exe /C "C:\Users\xufbi\AppData\Local\Temp\tmp88c5cdd6d84f44ecb1072b3b6fc7b488.cmd"
         "C:\Program Files\NVIDIA GPU Computing Toolkit\CUDA\v7.5\bin\nvcc.exe" -ccbin "C:\Program Files (x86)\Microsoft Visual Studio 12.0\VC\bin\x86_amd64"  -I"C:\Program Files\NVIDIA GPU Computing Toolkit\CUDA\v7.5\include" -I"C:\Program Files\NVIDIA GPU Computing Toolkit\CUDA\v7.5\include"     --keep-dir x64\Release -maxrregcount=0  --machine 64 --compile      -DWIN32 -DNDEBUG -D_CONSOLE -D_WINDLL -D_UNICODE -DUNICODE -Xcompiler "/EHsc /W3 /nologo /O2 /Zi  /MD " -o x64\Release\kernel_crlb.cu.obj "E:\Data_from_labshare\20200303 INSPR_github\Mex function for 3D localization\Biplane\cuda_biplane_loc_stream\kernel_crlb.cu" -clean
         
         E:\Data_from_labshare\20200303 INSPR_github\Mex function for 3D localization\Biplane\cuda_biplane_loc_stream>"C:\Program Files\NVIDIA GPU Computing Toolkit\CUDA\v7.5\bin\nvcc.exe" -ccbin "C:\Program Files (x86)\Microsoft Visual Studio 12.0\VC\bin\x86_amd64"  -I"C:\Program Files\NVIDIA GPU Computing Toolkit\CUDA\v7.5\include" -I"C:\Program Files\NVIDIA GPU Computing Toolkit\CUDA\v7.5\include"     --keep-dir x64\Release -maxrregcount=0  --machine 64 --compile      -DWIN32 -DNDEBUG -D_CONSOLE -D_WINDLL -D_UNICODE -DUNICODE -Xcompiler "/EHsc /W3 /nologo /O2 /Zi  /MD " -o x64\Release\kernel_crlb.cu.obj "E:\Data_from_labshare\20200303 INSPR_github\Mex function for 3D localization\Biplane\cuda_biplane_loc_stream\kernel_crlb.cu" -clean 
         kernel_crlb.cu
       CudaClean:
         cmd.exe /C "C:\Users\xufbi\AppData\Local\Temp\tmp80be03121d6f418d9017dbb011b63b89.cmd"
         "C:\Program Files\NVIDIA GPU Computing Toolkit\CUDA\v7.5\bin\nvcc.exe" -ccbin "C:\Program Files (x86)\Microsoft Visual Studio 12.0\VC\bin\x86_amd64"  -I"C:\Program Files\NVIDIA GPU Computing Toolkit\CUDA\v7.5\include" -I"C:\Program Files\NVIDIA GPU Computing Toolkit\CUDA\v7.5\include"     --keep-dir x64\Release -maxrregcount=0  --machine 64 --compile      -DWIN32 -DNDEBUG -D_CONSOLE -D_WINDLL -D_UNICODE -DUNICODE -Xcompiler "/EHsc /W3 /nologo /O2 /Zi  /MD " -o x64\Release\kernel_LL.cu.obj "E:\Data_from_labshare\20200303 INSPR_github\Mex function for 3D localization\Biplane\cuda_biplane_loc_stream\kernel_LL.cu" -clean
         
         E:\Data_from_labshare\20200303 INSPR_github\Mex function for 3D localization\Biplane\cuda_biplane_loc_stream>"C:\Program Files\NVIDIA GPU Computing Toolkit\CUDA\v7.5\bin\nvcc.exe" -ccbin "C:\Program Files (x86)\Microsoft Visual Studio 12.0\VC\bin\x86_amd64"  -I"C:\Program Files\NVIDIA GPU Computing Toolkit\CUDA\v7.5\include" -I"C:\Program Files\NVIDIA GPU Computing Toolkit\CUDA\v7.5\include"     --keep-dir x64\Release -maxrregcount=0  --machine 64 --compile      -DWIN32 -DNDEBUG -D_CONSOLE -D_WINDLL -D_UNICODE -DUNICODE -Xcompiler "/EHsc /W3 /nologo /O2 /Zi  /MD " -o x64\Release\kernel_LL.cu.obj "E:\Data_from_labshare\20200303 INSPR_github\Mex function for 3D localization\Biplane\cuda_biplane_loc_stream\kernel_LL.cu" -clean 
         kernel_LL.cu
       CudaClean:
         cmd.exe /C "C:\Users\xufbi\AppData\Local\Temp\tmp12c61882a1b443b1a83425d24b8fd6bf.cmd"
         "C:\Program Files\NVIDIA GPU Computing Toolkit\CUDA\v7.5\bin\nvcc.exe" -ccbin "C:\Program Files (x86)\Microsoft Visual Studio 12.0\VC\bin\x86_amd64"  -I"C:\Program Files\NVIDIA GPU Computing Toolkit\CUDA\v7.5\include" -I"C:\Program Files\NVIDIA GPU Computing Toolkit\CUDA\v7.5\include"     --keep-dir x64\Release -maxrregcount=0  --machine 64 --compile      -DWIN32 -DNDEBUG -D_CONSOLE -D_WINDLL -D_UNICODE -DUNICODE -Xcompiler "/EHsc /W3 /nologo /O2 /Zi  /MD " -o x64\Release\kernel_localization.cu.obj "E:\Data_from_labshare\20200303 INSPR_github\Mex function for 3D localization\Biplane\cuda_biplane_loc_stream\kernel_localization.cu" -clean
         
         E:\Data_from_labshare\20200303 INSPR_github\Mex function for 3D localization\Biplane\cuda_biplane_loc_stream>"C:\Program Files\NVIDIA GPU Computing Toolkit\CUDA\v7.5\bin\nvcc.exe" -ccbin "C:\Program Files (x86)\Microsoft Visual Studio 12.0\VC\bin\x86_amd64"  -I"C:\Program Files\NVIDIA GPU Computing Toolkit\CUDA\v7.5\include" -I"C:\Program Files\NVIDIA GPU Computing Toolkit\CUDA\v7.5\include"     --keep-dir x64\Release -maxrregcount=0  --machine 64 --compile      -DWIN32 -DNDEBUG -D_CONSOLE -D_WINDLL -D_UNICODE -DUNICODE -Xcompiler "/EHsc /W3 /nologo /O2 /Zi  /MD " -o x64\Release\kernel_localization.cu.obj "E:\Data_from_labshare\20200303 INSPR_github\Mex function for 3D localization\Biplane\cuda_biplane_loc_stream\kernel_localization.cu" -clean 
         kernel_localization.cu
       CudaClean:
         cmd.exe /C "C:\Users\xufbi\AppData\Local\Temp\tmpda7ade4144224813b6ce1b3ff493e8a4.cmd"
         "C:\Program Files\NVIDIA GPU Computing Toolkit\CUDA\v7.5\bin\nvcc.exe" -ccbin "C:\Program Files (x86)\Microsoft Visual Studio 12.0\VC\bin\x86_amd64"  -I"C:\Program Files\NVIDIA GPU Computing Toolkit\CUDA\v7.5\include" -I"C:\Program Files\NVIDIA GPU Computing Toolkit\CUDA\v7.5\include"     --keep-dir x64\Release -maxrregcount=0  --machine 64 --compile      -DWIN32 -DNDEBUG -D_CONSOLE -D_WINDLL -D_UNICODE -DUNICODE -Xcompiler "/EHsc /W3 /nologo /O2 /Zi  /MD " -o x64\Release\wrapper.cu.obj "E:\Data_from_labshare\20200303 INSPR_github\Mex function for 3D localization\Biplane\cuda_biplane_loc_stream\wrapper.cu" -clean
         
         E:\Data_from_labshare\20200303 INSPR_github\Mex function for 3D localization\Biplane\cuda_biplane_loc_stream>"C:\Program Files\NVIDIA GPU Computing Toolkit\CUDA\v7.5\bin\nvcc.exe" -ccbin "C:\Program Files (x86)\Microsoft Visual Studio 12.0\VC\bin\x86_amd64"  -I"C:\Program Files\NVIDIA GPU Computing Toolkit\CUDA\v7.5\include" -I"C:\Program Files\NVIDIA GPU Computing Toolkit\CUDA\v7.5\include"     --keep-dir x64\Release -maxrregcount=0  --machine 64 --compile      -DWIN32 -DNDEBUG -D_CONSOLE -D_WINDLL -D_UNICODE -DUNICODE -Xcompiler "/EHsc /W3 /nologo /O2 /Zi  /MD " -o x64\Release\wrapper.cu.obj "E:\Data_from_labshare\20200303 INSPR_github\Mex function for 3D localization\Biplane\cuda_biplane_loc_stream\wrapper.cu" -clean 
         wrapper.cu
       AddCudaCompileDeps:
         C:\Program Files (x86)\Microsoft Visual Studio 12.0\VC\bin\x86_amd64\cl.exe /E /nologo /showIncludes /TP /D__CUDACC__ /DWIN32 /DNDEBUG /D_CONSOLE /D_WINDLL /D_UNICODE /DUNICODE /I"C:\Program Files\NVIDIA GPU Computing Toolkit\CUDA\v7.5\include" /I"C:\Program Files\NVIDIA GPU Computing Toolkit\CUDA\v7.5\bin" /I"C:\Program Files\NVIDIA GPU Computing Toolkit\CUDA\v7.5\include" /I. /FIcuda_runtime.h /c "E:\Data_from_labshare\20200303 INSPR_github\Mex function for 3D localization\Biplane\cuda_biplane_loc_stream\kernel.cu" 
       AddCudaCompileDeps:
         C:\Program Files (x86)\Microsoft Visual Studio 12.0\VC\bin\x86_amd64\cl.exe /E /nologo /showIncludes /TP /D__CUDACC__ /DWIN32 /DNDEBUG /D_CONSOLE /D_WINDLL /D_UNICODE /DUNICODE /I"C:\Program Files\NVIDIA GPU Computing Toolkit\CUDA\v7.5\include" /I"C:\Program Files\NVIDIA GPU Computing Toolkit\CUDA\v7.5\bin" /I"C:\Program Files\NVIDIA GPU Computing Toolkit\CUDA\v7.5\include" /I. /FIcuda_runtime.h /c "E:\Data_from_labshare\20200303 INSPR_github\Mex function for 3D localization\Biplane\cuda_biplane_loc_stream\kernel_crlb.cu" 
       AddCudaCompileDeps:
         C:\Program Files (x86)\Microsoft Visual Studio 12.0\VC\bin\x86_amd64\cl.exe /E /nologo /showIncludes /TP /D__CUDACC__ /DWIN32 /DNDEBUG /D_CONSOLE /D_WINDLL /D_UNICODE /DUNICODE /I"C:\Program Files\NVIDIA GPU Computing Toolkit\CUDA\v7.5\include" /I"C:\Program Files\NVIDIA GPU Computing Toolkit\CUDA\v7.5\bin" /I"C:\Program Files\NVIDIA GPU Computing Toolkit\CUDA\v7.5\include" /I. /FIcuda_runtime.h /c "E:\Data_from_labshare\20200303 INSPR_github\Mex function for 3D localization\Biplane\cuda_biplane_loc_stream\kernel_LL.cu" 
       AddCudaCompileDeps:
         C:\Program Files (x86)\Microsoft Visual Studio 12.0\VC\bin\x86_amd64\cl.exe /E /nologo /showIncludes /TP /D__CUDACC__ /DWIN32 /DNDEBUG /D_CONSOLE /D_WINDLL /D_UNICODE /DUNICODE /I"C:\Program Files\NVIDIA GPU Computing Toolkit\CUDA\v7.5\include" /I"C:\Program Files\NVIDIA GPU Computing Toolkit\CUDA\v7.5\bin" /I"C:\Program Files\NVIDIA GPU Computing Toolkit\CUDA\v7.5\include" /I. /FIcuda_runtime.h /c "E:\Data_from_labshare\20200303 INSPR_github\Mex function for 3D localization\Biplane\cuda_biplane_loc_stream\kernel_localization.cu" 
       AddCudaCompileDeps:
         C:\Program Files (x86)\Microsoft Visual Studio 12.0\VC\bin\x86_amd64\cl.exe /E /nologo /showIncludes /TP /D__CUDACC__ /DWIN32 /DNDEBUG /D_CONSOLE /D_WINDLL /D_UNICODE /DUNICODE /I"C:\Program Files\NVIDIA GPU Computing Toolkit\CUDA\v7.5\include" /I"C:\Program Files\NVIDIA GPU Computing Toolkit\CUDA\v7.5\bin" /I"C:\Program Files\NVIDIA GPU Computing Toolkit\CUDA\v7.5\include" /I. /FIcuda_runtime.h /c "E:\Data_from_labshare\20200303 INSPR_github\Mex function for 3D localization\Biplane\cuda_biplane_loc_stream\wrapper.cu" 
       CudaBuild:
         Compiling CUDA source file kernel.cu...
         cmd.exe /C "C:\Users\xufbi\AppData\Local\Temp\tmp10f3bc1de66d40c7a78d2aabc5a4de84.cmd"
         "C:\Program Files\NVIDIA GPU Computing Toolkit\CUDA\v7.5\bin\nvcc.exe" -gencode=arch=compute_52,code=\"sm_52,compute_52\" --use-local-env --cl-version 2013 -ccbin "C:\Program Files (x86)\Microsoft Visual Studio 12.0\VC\bin\x86_amd64"  -I"C:\Program Files\NVIDIA GPU Computing Toolkit\CUDA\v7.5\include" -I"C:\Program Files\NVIDIA GPU Computing Toolkit\CUDA\v7.5\include"     --keep-dir x64\Release -maxrregcount=0  --machine 64 --compile -cudart static     -DWIN32 -DNDEBUG -D_CONSOLE -D_WINDLL -D_UNICODE -DUNICODE -Xcompiler "/EHsc /W3 /nologo /O2 /Zi  /MD " -o x64\Release\kernel.cu.obj "E:\Data_from_labshare\20200303 INSPR_github\Mex function for 3D localization\Biplane\cuda_biplane_loc_stream\kernel.cu"
         
         E:\Data_from_labshare\20200303 INSPR_github\Mex function for 3D localization\Biplane\cuda_biplane_loc_stream>"C:\Program Files\NVIDIA GPU Computing Toolkit\CUDA\v7.5\bin\nvcc.exe" -gencode=arch=compute_52,code=\"sm_52,compute_52\" --use-local-env --cl-version 2013 -ccbin "C:\Program Files (x86)\Microsoft Visual Studio 12.0\VC\bin\x86_amd64"  -I"C:\Program Files\NVIDIA GPU Computing Toolkit\CUDA\v7.5\include" -I"C:\Program Files\NVIDIA GPU Computing Toolkit\CUDA\v7.5\include"     --keep-dir x64\Release -maxrregcount=0  --machine 64 --compile -cudart static     -DWIN32 -DNDEBUG -D_CONSOLE -D_WINDLL -D_UNICODE -DUNICODE -Xcompiler "/EHsc /W3 /nologo /O2 /Zi  /MD " -o x64\Release\kernel.cu.obj "E:\Data_from_labshare\20200303 INSPR_github\Mex function for 3D localization\Biplane\cuda_biplane_loc_stream\kernel.cu" 
         kernel.cu
       CudaBuild:
         Compiling CUDA source file kernel_crlb.cu...
         cmd.exe /C "C:\Users\xufbi\AppData\Local\Temp\tmp3c0d5b326715410f807bcacbaa90c04e.cmd"
         "C:\Program Files\NVIDIA GPU Computing Toolkit\CUDA\v7.5\bin\nvcc.exe" -gencode=arch=compute_52,code=\"sm_52,compute_52\" --use-local-env --cl-version 2013 -ccbin "C:\Program Files (x86)\Microsoft Visual Studio 12.0\VC\bin\x86_amd64"  -I"C:\Program Files\NVIDIA GPU Computing Toolkit\CUDA\v7.5\include" -I"C:\Program Files\NVIDIA GPU Computing Toolkit\CUDA\v7.5\include"     --keep-dir x64\Release -maxrregcount=0  --machine 64 --compile -cudart static     -DWIN32 -DNDEBUG -D_CONSOLE -D_WINDLL -D_UNICODE -DUNICODE -Xcompiler "/EHsc /W3 /nologo /O2 /Zi  /MD " -o x64\Release\kernel_crlb.cu.obj "E:\Data_from_labshare\20200303 INSPR_github\Mex function for 3D localization\Biplane\cuda_biplane_loc_stream\kernel_crlb.cu"
         
         E:\Data_from_labshare\20200303 INSPR_github\Mex function for 3D localization\Biplane\cuda_biplane_loc_stream>"C:\Program Files\NVIDIA GPU Computing Toolkit\CUDA\v7.5\bin\nvcc.exe" -gencode=arch=compute_52,code=\"sm_52,compute_52\" --use-local-env --cl-version 2013 -ccbin "C:\Program Files (x86)\Microsoft Visual Studio 12.0\VC\bin\x86_amd64"  -I"C:\Program Files\NVIDIA GPU Computing Toolkit\CUDA\v7.5\include" -I"C:\Program Files\NVIDIA GPU Computing Toolkit\CUDA\v7.5\include"     --keep-dir x64\Release -maxrregcount=0  --machine 64 --compile -cudart static     -DWIN32 -DNDEBUG -D_CONSOLE -D_WINDLL -D_UNICODE -DUNICODE -Xcompiler "/EHsc /W3 /nologo /O2 /Zi  /MD " -o x64\Release\kernel_crlb.cu.obj "E:\Data_from_labshare\20200303 INSPR_github\Mex function for 3D localization\Biplane\cuda_biplane_loc_stream\kernel_crlb.cu" 
     1>E:/Data_from_labshare/20200303 INSPR_github/Mex function for 3D localization/Biplane/cuda_biplane_loc_stream/kernel_crlb.cu(53): warning : variable "w1" was declared but never referenced
     1>E:/Data_from_labshare/20200303 INSPR_github/Mex function for 3D localization/Biplane/cuda_biplane_loc_stream/kernel_crlb.cu(53): warning : variable "w2" was declared but never referenced
     1>E:/Data_from_labshare/20200303 INSPR_github/Mex function for 3D localization/Biplane/cuda_biplane_loc_stream/kernel_crlb.cu(53): warning : variable "w1" was declared but never referenced
     1>E:/Data_from_labshare/20200303 INSPR_github/Mex function for 3D localization/Biplane/cuda_biplane_loc_stream/kernel_crlb.cu(53): warning : variable "w2" was declared but never referenced
         kernel_crlb.cu
       CudaBuild:
         Compiling CUDA source file kernel_LL.cu...
         cmd.exe /C "C:\Users\xufbi\AppData\Local\Temp\tmp15d349d6b14f42fabe3dc23bce8d6502.cmd"
         "C:\Program Files\NVIDIA GPU Computing Toolkit\CUDA\v7.5\bin\nvcc.exe" -gencode=arch=compute_52,code=\"sm_52,compute_52\" --use-local-env --cl-version 2013 -ccbin "C:\Program Files (x86)\Microsoft Visual Studio 12.0\VC\bin\x86_amd64"  -I"C:\Program Files\NVIDIA GPU Computing Toolkit\CUDA\v7.5\include" -I"C:\Program Files\NVIDIA GPU Computing Toolkit\CUDA\v7.5\include"     --keep-dir x64\Release -maxrregcount=0  --machine 64 --compile -cudart static     -DWIN32 -DNDEBUG -D_CONSOLE -D_WINDLL -D_UNICODE -DUNICODE -Xcompiler "/EHsc /W3 /nologo /O2 /Zi  /MD " -o x64\Release\kernel_LL.cu.obj "E:\Data_from_labshare\20200303 INSPR_github\Mex function for 3D localization\Biplane\cuda_biplane_loc_stream\kernel_LL.cu"
         
         E:\Data_from_labshare\20200303 INSPR_github\Mex function for 3D localization\Biplane\cuda_biplane_loc_stream>"C:\Program Files\NVIDIA GPU Computing Toolkit\CUDA\v7.5\bin\nvcc.exe" -gencode=arch=compute_52,code=\"sm_52,compute_52\" --use-local-env --cl-version 2013 -ccbin "C:\Program Files (x86)\Microsoft Visual Studio 12.0\VC\bin\x86_amd64"  -I"C:\Program Files\NVIDIA GPU Computing Toolkit\CUDA\v7.5\include" -I"C:\Program Files\NVIDIA GPU Computing Toolkit\CUDA\v7.5\include"     --keep-dir x64\Release -maxrregcount=0  --machine 64 --compile -cudart static     -DWIN32 -DNDEBUG -D_CONSOLE -D_WINDLL -D_UNICODE -DUNICODE -Xcompiler "/EHsc /W3 /nologo /O2 /Zi  /MD " -o x64\Release\kernel_LL.cu.obj "E:\Data_from_labshare\20200303 INSPR_github\Mex function for 3D localization\Biplane\cuda_biplane_loc_stream\kernel_LL.cu" 
         kernel_LL.cu
       CudaBuild:
         Compiling CUDA source file kernel_localization.cu...
         cmd.exe /C "C:\Users\xufbi\AppData\Local\Temp\tmp7b13aea866754b4783cb3b2faec11b1a.cmd"
         "C:\Program Files\NVIDIA GPU Computing Toolkit\CUDA\v7.5\bin\nvcc.exe" -gencode=arch=compute_52,code=\"sm_52,compute_52\" --use-local-env --cl-version 2013 -ccbin "C:\Program Files (x86)\Microsoft Visual Studio 12.0\VC\bin\x86_amd64"  -I"C:\Program Files\NVIDIA GPU Computing Toolkit\CUDA\v7.5\include" -I"C:\Program Files\NVIDIA GPU Computing Toolkit\CUDA\v7.5\include"     --keep-dir x64\Release -maxrregcount=0  --machine 64 --compile -cudart static     -DWIN32 -DNDEBUG -D_CONSOLE -D_WINDLL -D_UNICODE -DUNICODE -Xcompiler "/EHsc /W3 /nologo /O2 /Zi  /MD " -o x64\Release\kernel_localization.cu.obj "E:\Data_from_labshare\20200303 INSPR_github\Mex function for 3D localization\Biplane\cuda_biplane_loc_stream\kernel_localization.cu"
         
         E:\Data_from_labshare\20200303 INSPR_github\Mex function for 3D localization\Biplane\cuda_biplane_loc_stream>"C:\Program Files\NVIDIA GPU Computing Toolkit\CUDA\v7.5\bin\nvcc.exe" -gencode=arch=compute_52,code=\"sm_52,compute_52\" --use-local-env --cl-version 2013 -ccbin "C:\Program Files (x86)\Microsoft Visual Studio 12.0\VC\bin\x86_amd64"  -I"C:\Program Files\NVIDIA GPU Computing Toolkit\CUDA\v7.5\include" -I"C:\Program Files\NVIDIA GPU Computing Toolkit\CUDA\v7.5\include"     --keep-dir x64\Release -maxrregcount=0  --machine 64 --compile -cudart static     -DWIN32 -DNDEBUG -D_CONSOLE -D_WINDLL -D_UNICODE -DUNICODE -Xcompiler "/EHsc /W3 /nologo /O2 /Zi  /MD " -o x64\Release\kernel_localization.cu.obj "E:\Data_from_labshare\20200303 INSPR_github\Mex function for 3D localization\Biplane\cuda_biplane_loc_stream\kernel_localization.cu" 
     1>E:/Data_from_labshare/20200303 INSPR_github/Mex function for 3D localization/Biplane/cuda_biplane_loc_stream/kernel_localization.cu(92): warning : variable "i" was declared but never referenced
     1>E:/Data_from_labshare/20200303 INSPR_github/Mex function for 3D localization/Biplane/cuda_biplane_loc_stream/kernel_localization.cu(92): warning : variable "i" was declared but never referenced
         kernel_localization.cu
       CudaBuild:
         Compiling CUDA source file wrapper.cu...
         cmd.exe /C "C:\Users\xufbi\AppData\Local\Temp\tmp33ce753702b74c9c8992bc5db431b474.cmd"
         "C:\Program Files\NVIDIA GPU Computing Toolkit\CUDA\v7.5\bin\nvcc.exe" -gencode=arch=compute_52,code=\"sm_52,compute_52\" --use-local-env --cl-version 2013 -ccbin "C:\Program Files (x86)\Microsoft Visual Studio 12.0\VC\bin\x86_amd64"  -I"C:\Program Files\NVIDIA GPU Computing Toolkit\CUDA\v7.5\include" -I"C:\Program Files\NVIDIA GPU Computing Toolkit\CUDA\v7.5\include"     --keep-dir x64\Release -maxrregcount=0  --machine 64 --compile -cudart static     -DWIN32 -DNDEBUG -D_CONSOLE -D_WINDLL -D_UNICODE -DUNICODE -Xcompiler "/EHsc /W3 /nologo /O2 /Zi  /MD " -o x64\Release\wrapper.cu.obj "E:\Data_from_labshare\20200303 INSPR_github\Mex function for 3D localization\Biplane\cuda_biplane_loc_stream\wrapper.cu"
         
         E:\Data_from_labshare\20200303 INSPR_github\Mex function for 3D localization\Biplane\cuda_biplane_loc_stream>"C:\Program Files\NVIDIA GPU Computing Toolkit\CUDA\v7.5\bin\nvcc.exe" -gencode=arch=compute_52,code=\"sm_52,compute_52\" --use-local-env --cl-version 2013 -ccbin "C:\Program Files (x86)\Microsoft Visual Studio 12.0\VC\bin\x86_amd64"  -I"C:\Program Files\NVIDIA GPU Computing Toolkit\CUDA\v7.5\include" -I"C:\Program Files\NVIDIA GPU Computing Toolkit\CUDA\v7.5\include"     --keep-dir x64\Release -maxrregcount=0  --machine 64 --compile -cudart static     -DWIN32 -DNDEBUG -D_CONSOLE -D_WINDLL -D_UNICODE -DUNICODE -Xcompiler "/EHsc /W3 /nologo /O2 /Zi  /MD " -o x64\Release\wrapper.cu.obj "E:\Data_from_labshare\20200303 INSPR_github\Mex function for 3D localization\Biplane\cuda_biplane_loc_stream\wrapper.cu" 
         wrapper.cu
       ClCompile:
         C:\Program Files (x86)\Microsoft Visual Studio 12.0\VC\bin\x86_amd64\CL.exe /c /I"C:\Program Files\NVIDIA GPU Computing Toolkit\CUDA\v7.5\include" /Zi /nologo /W3 /WX- /O2 /Oi /GL /D WIN32 /D NDEBUG /D _CONSOLE /D _WINDLL /D _UNICODE /D UNICODE /Gm- /EHsc /MD /GS /Gy /Zc:wchar_t /Zc:forScope /Fo"x64\Release\\" /Fd"x64\Release\vc120.pdb" /Gd /TP /errorReport:prompt mexFunction.cpp Model_Localization.cpp
         mexFunction.cpp
     1>mexFunction.cpp(102): warning C4267: '=' : conversion from 'size_t' to 'int', possible loss of data
     1>mexFunction.cpp(103): warning C4267: '=' : conversion from 'size_t' to 'int', possible loss of data
     1>mexFunction.cpp(45): warning C4101: 'outsize1' : unreferenced local variable
     1>mexFunction.cpp(61): warning C4101: 'resultSize' : unreferenced local variable
         Model_Localization.cpp
       Link:
         C:\Program Files (x86)\Microsoft Visual Studio 12.0\VC\bin\x86_amd64\link.exe /ERRORREPORT:PROMPT /OUT:"E:\Data_from_labshare\20200303 INSPR_github\Mex function for 3D localization\Biplane\x64\Release\cuda_channel_specific_model.mexw64" /INCREMENTAL:NO /NOLOGO /LIBPATH:"C:\Program Files\NVIDIA GPU Computing Toolkit\CUDA\v7.5\lib\x64" cudart.lib libmex.lib libmat.lib libmx.lib kernel32.lib user32.lib gdi32.lib winspool.lib comdlg32.lib advapi32.lib shell32.lib ole32.lib oleaut32.lib uuid.lib odbc32.lib odbccp32.lib /DEF:"matlab.def" /MANIFEST /MANIFESTUAC:"level='asInvoker' uiAccess='false'" /manifest:embed /PDB:"E:\Data_from_labshare\20200303 INSPR_github\Mex function for 3D localization\Biplane\x64\Release\cuda_channel_specific_model.pdb" /SUBSYSTEM:CONSOLE /OPT:REF /OPT:ICF /LTCG /TLBID:1 /DYNAMICBASE /NXCOMPAT /IMPLIB:"E:\Data_from_labshare\20200303 INSPR_github\Mex function for 3D localization\Biplane\x64\Release\cuda_channel_specific_model.lib" /MACHINE:X64 /DLL x64\Release\kernel.cu.obj
         x64\Release\kernel_crlb.cu.obj
         x64\Release\kernel_LL.cu.obj
         x64\Release\kernel_localization.cu.obj
         x64\Release\wrapper.cu.obj
         x64\Release\mexFunction.obj
         x64\Release\Model_Localization.obj
            Creating library E:\Data_from_labshare\20200303 INSPR_github\Mex function for 3D localization\Biplane\x64\Release\cuda_channel_specific_model.lib and object E:\Data_from_labshare\20200303 INSPR_github\Mex function for 3D localization\Biplane\x64\Release\cuda_channel_specific_model.exp
         Generating code
         Finished generating code
         cuda_biplane_loc_stream.vcxproj -> E:\Data_from_labshare\20200303 INSPR_github\Mex function for 3D localization\Biplane\x64\Release\cuda_channel_specific_model.mexw64
     1>Done Building Project "E:\Data_from_labshare\20200303 INSPR_github\Mex function for 3D localization\Biplane\cuda_biplane_loc_stream\cuda_biplane_loc_stream.vcxproj" (Rebuild target(s)).

Build succeeded.

Time Elapsed 00:00:20.29
