Build started 3/4/2020 14:13:01.
     1>Project "E:\Data_from_labshare\20200303 INSPR_github\Mex function for 3D localization\Astigmatism\cuda_loc_stream\cuda_loc_stream.vcxproj" on node 2 (Rebuild target(s)).
     1>CudaClean:
         cmd.exe /C "C:\Users\xufbi\AppData\Local\Temp\tmpdf7fed6a7d414636a727b851640d9a04.cmd"
         "C:\Program Files\NVIDIA GPU Computing Toolkit\CUDA\v7.5\bin\nvcc.exe" -ccbin "C:\Program Files (x86)\Microsoft Visual Studio 12.0\VC\bin\x86_amd64"  -I"C:\Program Files\NVIDIA GPU Computing Toolkit\CUDA\v7.5\include" -I"C:\Program Files\NVIDIA GPU Computing Toolkit\CUDA\v7.5\include"     --keep-dir x64\Release -maxrregcount=0  --machine 64 --compile      -DWIN32 -DNDEBUG -D_CONSOLE -D_WINDLL -D_UNICODE -DUNICODE -Xcompiler "/EHsc /W3 /nologo /O2 /Zi  /MD " -o x64\Release\kernel.cu.obj "E:\Data_from_labshare\20200303 INSPR_github\Mex function for 3D localization\Astigmatism\cuda_loc_stream\kernel.cu" -clean
         
         E:\Data_from_labshare\20200303 INSPR_github\Mex function for 3D localization\Astigmatism\cuda_loc_stream>"C:\Program Files\NVIDIA GPU Computing Toolkit\CUDA\v7.5\bin\nvcc.exe" -ccbin "C:\Program Files (x86)\Microsoft Visual Studio 12.0\VC\bin\x86_amd64"  -I"C:\Program Files\NVIDIA GPU Computing Toolkit\CUDA\v7.5\include" -I"C:\Program Files\NVIDIA GPU Computing Toolkit\CUDA\v7.5\include"     --keep-dir x64\Release -maxrregcount=0  --machine 64 --compile      -DWIN32 -DNDEBUG -D_CONSOLE -D_WINDLL -D_UNICODE -DUNICODE -Xcompiler "/EHsc /W3 /nologo /O2 /Zi  /MD " -o x64\Release\kernel.cu.obj "E:\Data_from_labshare\20200303 INSPR_github\Mex function for 3D localization\Astigmatism\cuda_loc_stream\kernel.cu" -clean 
         kernel.cu
       CudaClean:
         cmd.exe /C "C:\Users\xufbi\AppData\Local\Temp\tmp6e36ca270c444d25b1ebd41d1dd1a4fd.cmd"
         "C:\Program Files\NVIDIA GPU Computing Toolkit\CUDA\v7.5\bin\nvcc.exe" -ccbin "C:\Program Files (x86)\Microsoft Visual Studio 12.0\VC\bin\x86_amd64"  -I"C:\Program Files\NVIDIA GPU Computing Toolkit\CUDA\v7.5\include" -I"C:\Program Files\NVIDIA GPU Computing Toolkit\CUDA\v7.5\include"     --keep-dir x64\Release -maxrregcount=0  --machine 64 --compile      -DWIN32 -DNDEBUG -D_CONSOLE -D_WINDLL -D_UNICODE -DUNICODE -Xcompiler "/EHsc /W3 /nologo /O2 /Zi  /MD " -o x64\Release\kernel_crlb.cu.obj "E:\Data_from_labshare\20200303 INSPR_github\Mex function for 3D localization\Astigmatism\cuda_loc_stream\kernel_crlb.cu" -clean
         
         E:\Data_from_labshare\20200303 INSPR_github\Mex function for 3D localization\Astigmatism\cuda_loc_stream>"C:\Program Files\NVIDIA GPU Computing Toolkit\CUDA\v7.5\bin\nvcc.exe" -ccbin "C:\Program Files (x86)\Microsoft Visual Studio 12.0\VC\bin\x86_amd64"  -I"C:\Program Files\NVIDIA GPU Computing Toolkit\CUDA\v7.5\include" -I"C:\Program Files\NVIDIA GPU Computing Toolkit\CUDA\v7.5\include"     --keep-dir x64\Release -maxrregcount=0  --machine 64 --compile      -DWIN32 -DNDEBUG -D_CONSOLE -D_WINDLL -D_UNICODE -DUNICODE -Xcompiler "/EHsc /W3 /nologo /O2 /Zi  /MD " -o x64\Release\kernel_crlb.cu.obj "E:\Data_from_labshare\20200303 INSPR_github\Mex function for 3D localization\Astigmatism\cuda_loc_stream\kernel_crlb.cu" -clean 
         kernel_crlb.cu
       CudaClean:
         cmd.exe /C "C:\Users\xufbi\AppData\Local\Temp\tmp61b2380e80904da183602227a4954db9.cmd"
         "C:\Program Files\NVIDIA GPU Computing Toolkit\CUDA\v7.5\bin\nvcc.exe" -ccbin "C:\Program Files (x86)\Microsoft Visual Studio 12.0\VC\bin\x86_amd64"  -I"C:\Program Files\NVIDIA GPU Computing Toolkit\CUDA\v7.5\include" -I"C:\Program Files\NVIDIA GPU Computing Toolkit\CUDA\v7.5\include"     --keep-dir x64\Release -maxrregcount=0  --machine 64 --compile      -DWIN32 -DNDEBUG -D_CONSOLE -D_WINDLL -D_UNICODE -DUNICODE -Xcompiler "/EHsc /W3 /nologo /O2 /Zi  /MD " -o x64\Release\kernel_LL.cu.obj "E:\Data_from_labshare\20200303 INSPR_github\Mex function for 3D localization\Astigmatism\cuda_loc_stream\kernel_LL.cu" -clean
         
         E:\Data_from_labshare\20200303 INSPR_github\Mex function for 3D localization\Astigmatism\cuda_loc_stream>"C:\Program Files\NVIDIA GPU Computing Toolkit\CUDA\v7.5\bin\nvcc.exe" -ccbin "C:\Program Files (x86)\Microsoft Visual Studio 12.0\VC\bin\x86_amd64"  -I"C:\Program Files\NVIDIA GPU Computing Toolkit\CUDA\v7.5\include" -I"C:\Program Files\NVIDIA GPU Computing Toolkit\CUDA\v7.5\include"     --keep-dir x64\Release -maxrregcount=0  --machine 64 --compile      -DWIN32 -DNDEBUG -D_CONSOLE -D_WINDLL -D_UNICODE -DUNICODE -Xcompiler "/EHsc /W3 /nologo /O2 /Zi  /MD " -o x64\Release\kernel_LL.cu.obj "E:\Data_from_labshare\20200303 INSPR_github\Mex function for 3D localization\Astigmatism\cuda_loc_stream\kernel_LL.cu" -clean 
         kernel_LL.cu
       CudaClean:
         cmd.exe /C "C:\Users\xufbi\AppData\Local\Temp\tmp3d5f9d6cdb6f4393a28accda04b67490.cmd"
         "C:\Program Files\NVIDIA GPU Computing Toolkit\CUDA\v7.5\bin\nvcc.exe" -ccbin "C:\Program Files (x86)\Microsoft Visual Studio 12.0\VC\bin\x86_amd64"  -I"C:\Program Files\NVIDIA GPU Computing Toolkit\CUDA\v7.5\include" -I"C:\Program Files\NVIDIA GPU Computing Toolkit\CUDA\v7.5\include"     --keep-dir x64\Release -maxrregcount=0  --machine 64 --compile      -DWIN32 -DNDEBUG -D_CONSOLE -D_WINDLL -D_UNICODE -DUNICODE -Xcompiler "/EHsc /W3 /nologo /O2 /Zi  /MD " -o x64\Release\kernel_localization.cu.obj "E:\Data_from_labshare\20200303 INSPR_github\Mex function for 3D localization\Astigmatism\cuda_loc_stream\kernel_localization.cu" -clean
         
         E:\Data_from_labshare\20200303 INSPR_github\Mex function for 3D localization\Astigmatism\cuda_loc_stream>"C:\Program Files\NVIDIA GPU Computing Toolkit\CUDA\v7.5\bin\nvcc.exe" -ccbin "C:\Program Files (x86)\Microsoft Visual Studio 12.0\VC\bin\x86_amd64"  -I"C:\Program Files\NVIDIA GPU Computing Toolkit\CUDA\v7.5\include" -I"C:\Program Files\NVIDIA GPU Computing Toolkit\CUDA\v7.5\include"     --keep-dir x64\Release -maxrregcount=0  --machine 64 --compile      -DWIN32 -DNDEBUG -D_CONSOLE -D_WINDLL -D_UNICODE -DUNICODE -Xcompiler "/EHsc /W3 /nologo /O2 /Zi  /MD " -o x64\Release\kernel_localization.cu.obj "E:\Data_from_labshare\20200303 INSPR_github\Mex function for 3D localization\Astigmatism\cuda_loc_stream\kernel_localization.cu" -clean 
         kernel_localization.cu
       CudaClean:
         cmd.exe /C "C:\Users\xufbi\AppData\Local\Temp\tmp829ecd30e8d443a08e4e568e933671fc.cmd"
         "C:\Program Files\NVIDIA GPU Computing Toolkit\CUDA\v7.5\bin\nvcc.exe" -ccbin "C:\Program Files (x86)\Microsoft Visual Studio 12.0\VC\bin\x86_amd64"  -I"C:\Program Files\NVIDIA GPU Computing Toolkit\CUDA\v7.5\include" -I"C:\Program Files\NVIDIA GPU Computing Toolkit\CUDA\v7.5\include"     --keep-dir x64\Release -maxrregcount=0  --machine 64 --compile      -DWIN32 -DNDEBUG -D_CONSOLE -D_WINDLL -D_UNICODE -DUNICODE -Xcompiler "/EHsc /W3 /nologo /O2 /Zi  /MD " -o x64\Release\wrapper.cu.obj "E:\Data_from_labshare\20200303 INSPR_github\Mex function for 3D localization\Astigmatism\cuda_loc_stream\wrapper.cu" -clean
         
         E:\Data_from_labshare\20200303 INSPR_github\Mex function for 3D localization\Astigmatism\cuda_loc_stream>"C:\Program Files\NVIDIA GPU Computing Toolkit\CUDA\v7.5\bin\nvcc.exe" -ccbin "C:\Program Files (x86)\Microsoft Visual Studio 12.0\VC\bin\x86_amd64"  -I"C:\Program Files\NVIDIA GPU Computing Toolkit\CUDA\v7.5\include" -I"C:\Program Files\NVIDIA GPU Computing Toolkit\CUDA\v7.5\include"     --keep-dir x64\Release -maxrregcount=0  --machine 64 --compile      -DWIN32 -DNDEBUG -D_CONSOLE -D_WINDLL -D_UNICODE -DUNICODE -Xcompiler "/EHsc /W3 /nologo /O2 /Zi  /MD " -o x64\Release\wrapper.cu.obj "E:\Data_from_labshare\20200303 INSPR_github\Mex function for 3D localization\Astigmatism\cuda_loc_stream\wrapper.cu" -clean 
         wrapper.cu
       AddCudaCompileDeps:
         C:\Program Files (x86)\Microsoft Visual Studio 12.0\VC\bin\x86_amd64\cl.exe /E /nologo /showIncludes /TP /D__CUDACC__ /DWIN32 /DNDEBUG /D_CONSOLE /D_WINDLL /D_UNICODE /DUNICODE /I"C:\Program Files\NVIDIA GPU Computing Toolkit\CUDA\v7.5\include" /I"C:\Program Files\NVIDIA GPU Computing Toolkit\CUDA\v7.5\bin" /I"C:\Program Files\NVIDIA GPU Computing Toolkit\CUDA\v7.5\include" /I. /FIcuda_runtime.h /c "E:\Data_from_labshare\20200303 INSPR_github\Mex function for 3D localization\Astigmatism\cuda_loc_stream\kernel.cu" 
       AddCudaCompileDeps:
         C:\Program Files (x86)\Microsoft Visual Studio 12.0\VC\bin\x86_amd64\cl.exe /E /nologo /showIncludes /TP /D__CUDACC__ /DWIN32 /DNDEBUG /D_CONSOLE /D_WINDLL /D_UNICODE /DUNICODE /I"C:\Program Files\NVIDIA GPU Computing Toolkit\CUDA\v7.5\include" /I"C:\Program Files\NVIDIA GPU Computing Toolkit\CUDA\v7.5\bin" /I"C:\Program Files\NVIDIA GPU Computing Toolkit\CUDA\v7.5\include" /I. /FIcuda_runtime.h /c "E:\Data_from_labshare\20200303 INSPR_github\Mex function for 3D localization\Astigmatism\cuda_loc_stream\kernel_crlb.cu" 
       AddCudaCompileDeps:
         C:\Program Files (x86)\Microsoft Visual Studio 12.0\VC\bin\x86_amd64\cl.exe /E /nologo /showIncludes /TP /D__CUDACC__ /DWIN32 /DNDEBUG /D_CONSOLE /D_WINDLL /D_UNICODE /DUNICODE /I"C:\Program Files\NVIDIA GPU Computing Toolkit\CUDA\v7.5\include" /I"C:\Program Files\NVIDIA GPU Computing Toolkit\CUDA\v7.5\bin" /I"C:\Program Files\NVIDIA GPU Computing Toolkit\CUDA\v7.5\include" /I. /FIcuda_runtime.h /c "E:\Data_from_labshare\20200303 INSPR_github\Mex function for 3D localization\Astigmatism\cuda_loc_stream\kernel_LL.cu" 
       AddCudaCompileDeps:
         C:\Program Files (x86)\Microsoft Visual Studio 12.0\VC\bin\x86_amd64\cl.exe /E /nologo /showIncludes /TP /D__CUDACC__ /DWIN32 /DNDEBUG /D_CONSOLE /D_WINDLL /D_UNICODE /DUNICODE /I"C:\Program Files\NVIDIA GPU Computing Toolkit\CUDA\v7.5\include" /I"C:\Program Files\NVIDIA GPU Computing Toolkit\CUDA\v7.5\bin" /I"C:\Program Files\NVIDIA GPU Computing Toolkit\CUDA\v7.5\include" /I. /FIcuda_runtime.h /c "E:\Data_from_labshare\20200303 INSPR_github\Mex function for 3D localization\Astigmatism\cuda_loc_stream\kernel_localization.cu" 
       AddCudaCompileDeps:
         C:\Program Files (x86)\Microsoft Visual Studio 12.0\VC\bin\x86_amd64\cl.exe /E /nologo /showIncludes /TP /D__CUDACC__ /DWIN32 /DNDEBUG /D_CONSOLE /D_WINDLL /D_UNICODE /DUNICODE /I"C:\Program Files\NVIDIA GPU Computing Toolkit\CUDA\v7.5\include" /I"C:\Program Files\NVIDIA GPU Computing Toolkit\CUDA\v7.5\bin" /I"C:\Program Files\NVIDIA GPU Computing Toolkit\CUDA\v7.5\include" /I. /FIcuda_runtime.h /c "E:\Data_from_labshare\20200303 INSPR_github\Mex function for 3D localization\Astigmatism\cuda_loc_stream\wrapper.cu" 
       CudaBuild:
         Compiling CUDA source file kernel.cu...
         cmd.exe /C "C:\Users\xufbi\AppData\Local\Temp\tmp9fc47a4244d441c49539dcd47537aee1.cmd"
         "C:\Program Files\NVIDIA GPU Computing Toolkit\CUDA\v7.5\bin\nvcc.exe" -gencode=arch=compute_52,code=\"sm_52,compute_52\" --use-local-env --cl-version 2013 -ccbin "C:\Program Files (x86)\Microsoft Visual Studio 12.0\VC\bin\x86_amd64"  -I"C:\Program Files\NVIDIA GPU Computing Toolkit\CUDA\v7.5\include" -I"C:\Program Files\NVIDIA GPU Computing Toolkit\CUDA\v7.5\include"     --keep-dir x64\Release -maxrregcount=0  --machine 64 --compile -cudart static     -DWIN32 -DNDEBUG -D_CONSOLE -D_WINDLL -D_UNICODE -DUNICODE -Xcompiler "/EHsc /W3 /nologo /O2 /Zi  /MD " -o x64\Release\kernel.cu.obj "E:\Data_from_labshare\20200303 INSPR_github\Mex function for 3D localization\Astigmatism\cuda_loc_stream\kernel.cu"
         
         E:\Data_from_labshare\20200303 INSPR_github\Mex function for 3D localization\Astigmatism\cuda_loc_stream>"C:\Program Files\NVIDIA GPU Computing Toolkit\CUDA\v7.5\bin\nvcc.exe" -gencode=arch=compute_52,code=\"sm_52,compute_52\" --use-local-env --cl-version 2013 -ccbin "C:\Program Files (x86)\Microsoft Visual Studio 12.0\VC\bin\x86_amd64"  -I"C:\Program Files\NVIDIA GPU Computing Toolkit\CUDA\v7.5\include" -I"C:\Program Files\NVIDIA GPU Computing Toolkit\CUDA\v7.5\include"     --keep-dir x64\Release -maxrregcount=0  --machine 64 --compile -cudart static     -DWIN32 -DNDEBUG -D_CONSOLE -D_WINDLL -D_UNICODE -DUNICODE -Xcompiler "/EHsc /W3 /nologo /O2 /Zi  /MD " -o x64\Release\kernel.cu.obj "E:\Data_from_labshare\20200303 INSPR_github\Mex function for 3D localization\Astigmatism\cuda_loc_stream\kernel.cu" 
         kernel.cu
       CudaBuild:
         Compiling CUDA source file kernel_crlb.cu...
         cmd.exe /C "C:\Users\xufbi\AppData\Local\Temp\tmp29d68d73e90a4644b63529e561fc5d46.cmd"
         "C:\Program Files\NVIDIA GPU Computing Toolkit\CUDA\v7.5\bin\nvcc.exe" -gencode=arch=compute_52,code=\"sm_52,compute_52\" --use-local-env --cl-version 2013 -ccbin "C:\Program Files (x86)\Microsoft Visual Studio 12.0\VC\bin\x86_amd64"  -I"C:\Program Files\NVIDIA GPU Computing Toolkit\CUDA\v7.5\include" -I"C:\Program Files\NVIDIA GPU Computing Toolkit\CUDA\v7.5\include"     --keep-dir x64\Release -maxrregcount=0  --machine 64 --compile -cudart static     -DWIN32 -DNDEBUG -D_CONSOLE -D_WINDLL -D_UNICODE -DUNICODE -Xcompiler "/EHsc /W3 /nologo /O2 /Zi  /MD " -o x64\Release\kernel_crlb.cu.obj "E:\Data_from_labshare\20200303 INSPR_github\Mex function for 3D localization\Astigmatism\cuda_loc_stream\kernel_crlb.cu"
         
         E:\Data_from_labshare\20200303 INSPR_github\Mex function for 3D localization\Astigmatism\cuda_loc_stream>"C:\Program Files\NVIDIA GPU Computing Toolkit\CUDA\v7.5\bin\nvcc.exe" -gencode=arch=compute_52,code=\"sm_52,compute_52\" --use-local-env --cl-version 2013 -ccbin "C:\Program Files (x86)\Microsoft Visual Studio 12.0\VC\bin\x86_amd64"  -I"C:\Program Files\NVIDIA GPU Computing Toolkit\CUDA\v7.5\include" -I"C:\Program Files\NVIDIA GPU Computing Toolkit\CUDA\v7.5\include"     --keep-dir x64\Release -maxrregcount=0  --machine 64 --compile -cudart static     -DWIN32 -DNDEBUG -D_CONSOLE -D_WINDLL -D_UNICODE -DUNICODE -Xcompiler "/EHsc /W3 /nologo /O2 /Zi  /MD " -o x64\Release\kernel_crlb.cu.obj "E:\Data_from_labshare\20200303 INSPR_github\Mex function for 3D localization\Astigmatism\cuda_loc_stream\kernel_crlb.cu" 
         kernel_crlb.cu
       CudaBuild:
         Compiling CUDA source file kernel_LL.cu...
         cmd.exe /C "C:\Users\xufbi\AppData\Local\Temp\tmp9280541e8e744ba69100d88d569a3bdc.cmd"
         "C:\Program Files\NVIDIA GPU Computing Toolkit\CUDA\v7.5\bin\nvcc.exe" -gencode=arch=compute_52,code=\"sm_52,compute_52\" --use-local-env --cl-version 2013 -ccbin "C:\Program Files (x86)\Microsoft Visual Studio 12.0\VC\bin\x86_amd64"  -I"C:\Program Files\NVIDIA GPU Computing Toolkit\CUDA\v7.5\include" -I"C:\Program Files\NVIDIA GPU Computing Toolkit\CUDA\v7.5\include"     --keep-dir x64\Release -maxrregcount=0  --machine 64 --compile -cudart static     -DWIN32 -DNDEBUG -D_CONSOLE -D_WINDLL -D_UNICODE -DUNICODE -Xcompiler "/EHsc /W3 /nologo /O2 /Zi  /MD " -o x64\Release\kernel_LL.cu.obj "E:\Data_from_labshare\20200303 INSPR_github\Mex function for 3D localization\Astigmatism\cuda_loc_stream\kernel_LL.cu"
         
         E:\Data_from_labshare\20200303 INSPR_github\Mex function for 3D localization\Astigmatism\cuda_loc_stream>"C:\Program Files\NVIDIA GPU Computing Toolkit\CUDA\v7.5\bin\nvcc.exe" -gencode=arch=compute_52,code=\"sm_52,compute_52\" --use-local-env --cl-version 2013 -ccbin "C:\Program Files (x86)\Microsoft Visual Studio 12.0\VC\bin\x86_amd64"  -I"C:\Program Files\NVIDIA GPU Computing Toolkit\CUDA\v7.5\include" -I"C:\Program Files\NVIDIA GPU Computing Toolkit\CUDA\v7.5\include"     --keep-dir x64\Release -maxrregcount=0  --machine 64 --compile -cudart static     -DWIN32 -DNDEBUG -D_CONSOLE -D_WINDLL -D_UNICODE -DUNICODE -Xcompiler "/EHsc /W3 /nologo /O2 /Zi  /MD " -o x64\Release\kernel_LL.cu.obj "E:\Data_from_labshare\20200303 INSPR_github\Mex function for 3D localization\Astigmatism\cuda_loc_stream\kernel_LL.cu" 
         kernel_LL.cu
       CudaBuild:
         Compiling CUDA source file kernel_localization.cu...
         cmd.exe /C "C:\Users\xufbi\AppData\Local\Temp\tmp50dddb1bd98e459ab5b2f43576e8a08d.cmd"
         "C:\Program Files\NVIDIA GPU Computing Toolkit\CUDA\v7.5\bin\nvcc.exe" -gencode=arch=compute_52,code=\"sm_52,compute_52\" --use-local-env --cl-version 2013 -ccbin "C:\Program Files (x86)\Microsoft Visual Studio 12.0\VC\bin\x86_amd64"  -I"C:\Program Files\NVIDIA GPU Computing Toolkit\CUDA\v7.5\include" -I"C:\Program Files\NVIDIA GPU Computing Toolkit\CUDA\v7.5\include"     --keep-dir x64\Release -maxrregcount=0  --machine 64 --compile -cudart static     -DWIN32 -DNDEBUG -D_CONSOLE -D_WINDLL -D_UNICODE -DUNICODE -Xcompiler "/EHsc /W3 /nologo /O2 /Zi  /MD " -o x64\Release\kernel_localization.cu.obj "E:\Data_from_labshare\20200303 INSPR_github\Mex function for 3D localization\Astigmatism\cuda_loc_stream\kernel_localization.cu"
         
         E:\Data_from_labshare\20200303 INSPR_github\Mex function for 3D localization\Astigmatism\cuda_loc_stream>"C:\Program Files\NVIDIA GPU Computing Toolkit\CUDA\v7.5\bin\nvcc.exe" -gencode=arch=compute_52,code=\"sm_52,compute_52\" --use-local-env --cl-version 2013 -ccbin "C:\Program Files (x86)\Microsoft Visual Studio 12.0\VC\bin\x86_amd64"  -I"C:\Program Files\NVIDIA GPU Computing Toolkit\CUDA\v7.5\include" -I"C:\Program Files\NVIDIA GPU Computing Toolkit\CUDA\v7.5\include"     --keep-dir x64\Release -maxrregcount=0  --machine 64 --compile -cudart static     -DWIN32 -DNDEBUG -D_CONSOLE -D_WINDLL -D_UNICODE -DUNICODE -Xcompiler "/EHsc /W3 /nologo /O2 /Zi  /MD " -o x64\Release\kernel_localization.cu.obj "E:\Data_from_labshare\20200303 INSPR_github\Mex function for 3D localization\Astigmatism\cuda_loc_stream\kernel_localization.cu" 
     1>E:/Data_from_labshare/20200303 INSPR_github/Mex function for 3D localization/Astigmatism/cuda_loc_stream/kernel_localization.cu(92): warning : variable "i" was declared but never referenced
     1>E:/Data_from_labshare/20200303 INSPR_github/Mex function for 3D localization/Astigmatism/cuda_loc_stream/kernel_localization.cu(92): warning : variable "i" was declared but never referenced
         kernel_localization.cu
       CudaBuild:
         Compiling CUDA source file wrapper.cu...
         cmd.exe /C "C:\Users\xufbi\AppData\Local\Temp\tmpd9d8f840362b445abd288df35f36dd7c.cmd"
         "C:\Program Files\NVIDIA GPU Computing Toolkit\CUDA\v7.5\bin\nvcc.exe" -gencode=arch=compute_52,code=\"sm_52,compute_52\" --use-local-env --cl-version 2013 -ccbin "C:\Program Files (x86)\Microsoft Visual Studio 12.0\VC\bin\x86_amd64"  -I"C:\Program Files\NVIDIA GPU Computing Toolkit\CUDA\v7.5\include" -I"C:\Program Files\NVIDIA GPU Computing Toolkit\CUDA\v7.5\include"     --keep-dir x64\Release -maxrregcount=0  --machine 64 --compile -cudart static     -DWIN32 -DNDEBUG -D_CONSOLE -D_WINDLL -D_UNICODE -DUNICODE -Xcompiler "/EHsc /W3 /nologo /O2 /Zi  /MD " -o x64\Release\wrapper.cu.obj "E:\Data_from_labshare\20200303 INSPR_github\Mex function for 3D localization\Astigmatism\cuda_loc_stream\wrapper.cu"
         
         E:\Data_from_labshare\20200303 INSPR_github\Mex function for 3D localization\Astigmatism\cuda_loc_stream>"C:\Program Files\NVIDIA GPU Computing Toolkit\CUDA\v7.5\bin\nvcc.exe" -gencode=arch=compute_52,code=\"sm_52,compute_52\" --use-local-env --cl-version 2013 -ccbin "C:\Program Files (x86)\Microsoft Visual Studio 12.0\VC\bin\x86_amd64"  -I"C:\Program Files\NVIDIA GPU Computing Toolkit\CUDA\v7.5\include" -I"C:\Program Files\NVIDIA GPU Computing Toolkit\CUDA\v7.5\include"     --keep-dir x64\Release -maxrregcount=0  --machine 64 --compile -cudart static     -DWIN32 -DNDEBUG -D_CONSOLE -D_WINDLL -D_UNICODE -DUNICODE -Xcompiler "/EHsc /W3 /nologo /O2 /Zi  /MD " -o x64\Release\wrapper.cu.obj "E:\Data_from_labshare\20200303 INSPR_github\Mex function for 3D localization\Astigmatism\cuda_loc_stream\wrapper.cu" 
         wrapper.cu
       ClCompile:
         C:\Program Files (x86)\Microsoft Visual Studio 12.0\VC\bin\x86_amd64\CL.exe /c /I"C:\Program Files\NVIDIA GPU Computing Toolkit\CUDA\v7.5\include" /Zi /nologo /W3 /WX- /O2 /Oi /GL /D WIN32 /D NDEBUG /D _CONSOLE /D _WINDLL /D _UNICODE /D UNICODE /Gm- /EHsc /MD /GS /Gy /Zc:wchar_t /Zc:forScope /Fo"x64\Release\\" /Fd"x64\Release\vc120.pdb" /Gd /TP /errorReport:prompt mexFunction.cpp Model_Localization.cpp
         mexFunction.cpp
     1>mexFunction.cpp(102): warning C4267: '=' : conversion from 'size_t' to 'int', possible loss of data
     1>mexFunction.cpp(103): warning C4267: '=' : conversion from 'size_t' to 'int', possible loss of data
     1>mexFunction.cpp(42): warning C4101: 'outsize1' : unreferenced local variable
     1>mexFunction.cpp(58): warning C4101: 'resultSize' : unreferenced local variable
         Model_Localization.cpp
       Link:
         C:\Program Files (x86)\Microsoft Visual Studio 12.0\VC\bin\x86_amd64\link.exe /ERRORREPORT:PROMPT /OUT:"E:\Data_from_labshare\20200303 INSPR_github\Mex function for 3D localization\Astigmatism\x64\Release\cuda_ast_model.mexw64" /INCREMENTAL:NO /NOLOGO /LIBPATH:"C:\Program Files\NVIDIA GPU Computing Toolkit\CUDA\v7.5\lib\x64" cudart.lib libmex.lib libmat.lib libmx.lib kernel32.lib user32.lib gdi32.lib winspool.lib comdlg32.lib advapi32.lib shell32.lib ole32.lib oleaut32.lib uuid.lib odbc32.lib odbccp32.lib /DEF:"matlab.def" /MANIFEST /MANIFESTUAC:"level='asInvoker' uiAccess='false'" /manifest:embed /PDB:"E:\Data_from_labshare\20200303 INSPR_github\Mex function for 3D localization\Astigmatism\x64\Release\cuda_ast_model.pdb" /SUBSYSTEM:CONSOLE /OPT:REF /OPT:ICF /LTCG /TLBID:1 /DYNAMICBASE /NXCOMPAT /IMPLIB:"E:\Data_from_labshare\20200303 INSPR_github\Mex function for 3D localization\Astigmatism\x64\Release\cuda_ast_model.lib" /MACHINE:X64 /DLL x64\Release\kernel.cu.obj
         x64\Release\kernel_crlb.cu.obj
         x64\Release\kernel_LL.cu.obj
         x64\Release\kernel_localization.cu.obj
         x64\Release\wrapper.cu.obj
         x64\Release\mexFunction.obj
         x64\Release\Model_Localization.obj
            Creating library E:\Data_from_labshare\20200303 INSPR_github\Mex function for 3D localization\Astigmatism\x64\Release\cuda_ast_model.lib and object E:\Data_from_labshare\20200303 INSPR_github\Mex function for 3D localization\Astigmatism\x64\Release\cuda_ast_model.exp
         Generating code
         Finished generating code
         cuda_loc_stream.vcxproj -> E:\Data_from_labshare\20200303 INSPR_github\Mex function for 3D localization\Astigmatism\x64\Release\cuda_ast_model.mexw64
     1>Done Building Project "E:\Data_from_labshare\20200303 INSPR_github\Mex function for 3D localization\Astigmatism\cuda_loc_stream\cuda_loc_stream.vcxproj" (Rebuild target(s)).

Build succeeded.

Time Elapsed 00:00:20.56
