e:\data_from_labshare\20200303 inspr_github\mex function for 3d localization\astigmatism\cuda_loc_stream\x64\release\vc120.pdb
e:\data_from_labshare\20200303 inspr_github\mex function for 3d localization\astigmatism\cuda_loc_stream\x64\release\model_localization.obj
e:\data_from_labshare\20200303 inspr_github\mex function for 3d localization\astigmatism\cuda_loc_stream\x64\release\mexfunction.obj
e:\data_from_labshare\20200303 inspr_github\mex function for 3d localization\astigmatism\x64\release\cuda_ast_model.lib
e:\data_from_labshare\20200303 inspr_github\mex function for 3d localization\astigmatism\x64\release\cuda_ast_model.exp
e:\data_from_labshare\20200303 inspr_github\mex function for 3d localization\astigmatism\x64\release\cuda_ast_model.mexw64
e:\data_from_labshare\20200303 inspr_github\mex function for 3d localization\astigmatism\cuda_loc_stream\x64\release\kernel.cu.cache
e:\data_from_labshare\20200303 inspr_github\mex function for 3d localization\astigmatism\cuda_loc_stream\x64\release\kernel_crlb.cu.cache
e:\data_from_labshare\20200303 inspr_github\mex function for 3d localization\astigmatism\cuda_loc_stream\x64\release\kernel_ll.cu.cache
e:\data_from_labshare\20200303 inspr_github\mex function for 3d localization\astigmatism\cuda_loc_stream\x64\release\kernel_localization.cu.cache
e:\data_from_labshare\20200303 inspr_github\mex function for 3d localization\astigmatism\cuda_loc_stream\x64\release\wrapper.cu.cache
e:\data_from_labshare\20200303 inspr_github\mex function for 3d localization\astigmatism\cuda_loc_stream\x64\release\kernel.cu.obj
e:\data_from_labshare\20200303 inspr_github\mex function for 3d localization\astigmatism\cuda_loc_stream\x64\release\kernel_crlb.cu.obj
e:\data_from_labshare\20200303 inspr_github\mex function for 3d localization\astigmatism\cuda_loc_stream\x64\release\kernel_ll.cu.obj
e:\data_from_labshare\20200303 inspr_github\mex function for 3d localization\astigmatism\cuda_loc_stream\x64\release\kernel_localization.cu.obj
e:\data_from_labshare\20200303 inspr_github\mex function for 3d localization\astigmatism\cuda_loc_stream\x64\release\wrapper.cu.obj
e:\data_from_labshare\20200303 inspr_github\mex function for 3d localization\astigmatism\cuda_loc_stream\x64\release\cuda_ast_model.tlog\cl.command.1.tlog
e:\data_from_labshare\20200303 inspr_github\mex function for 3d localization\astigmatism\cuda_loc_stream\x64\release\cuda_ast_model.tlog\cl.read.1.tlog
e:\data_from_labshare\20200303 inspr_github\mex function for 3d localization\astigmatism\cuda_loc_stream\x64\release\cuda_ast_model.tlog\cl.write.1.tlog
e:\data_from_labshare\20200303 inspr_github\mex function for 3d localization\astigmatism\cuda_loc_stream\x64\release\cuda_ast_model.tlog\cuda_ast_model.write.1u.tlog
e:\data_from_labshare\20200303 inspr_github\mex function for 3d localization\astigmatism\cuda_loc_stream\x64\release\cuda_ast_model.tlog\link.command.1.tlog
e:\data_from_labshare\20200303 inspr_github\mex function for 3d localization\astigmatism\cuda_loc_stream\x64\release\cuda_ast_model.tlog\link.read.1.tlog
e:\data_from_labshare\20200303 inspr_github\mex function for 3d localization\astigmatism\cuda_loc_stream\x64\release\cuda_ast_model.tlog\link.write.1.tlog
